<?xml version="1.0" encoding="UTF-8"?>
<testsuite xmlns:xsi="http://www.w3.org/2001/XMLSchema-instance" xsi:noNamespaceSchemaLocation="https://maven.apache.org/surefire/maven-surefire-plugin/xsd/surefire-test-report-3.0.xsd" version="3.0" name="com.langportal.controller.DashboardControllerTest" time="4.153" tests="2" errors="0" skipped="0" failures="0">
  <properties>
[...]
</properties>
  <testcase name="testGetStats" classname="com.langportal.controller.DashboardControllerTest" time="0.233">
    <system-out><![CDATA[22:58:38.437 [main] INFO org.springframework.test.context.support.AnnotationConfigContextLoaderUtils -- Could not detect default configuration classes for test class [com.langportal.controller.DashboardControllerTest]: DashboardControllerTest does not declare any static, non-private, non-final, nested classes annotated with @Configuration.
22:58:38.653 [main] INFO org.springframework.boot.test.context.SpringBootTestContextBootstrapper -- Found @SpringBootConfiguration com.langportal.LangPortalApplication for test class com.langportal.controller.DashboardControllerTest

  .   ____          _            __ _ _
 /\\ / ___'_ __ _ _(_)_ __  __ _ \ \ \ \
( ( )\___ | '_ | '_| | '_ \/ _` | \ \ \ \
 \\/  ___)| |_)| | | | | || (_| |  ) ) ) )
  '  |____| .__|_| |_|_| |_\__, | / / / /
 =========|_|==============|___/=/_/_/_/
 :: Spring Boot ::                (v3.2.1)

2025-02-12T22:58:39.110Z  INFO 18228 --- [           main] c.l.controller.DashboardControllerTest   : Starting DashboardControllerTest using Java 21.0.6 with PID 18228 (started by come_ in f:\Programming\gen-ai-bootcamp\free-genai-bootcamp-2025\lang-portal\backend-java)
2025-02-12T22:58:39.111Z  INFO 18228 --- [           main] c.l.controller.DashboardControllerTest   : No active profile set, falling back to 1 default profile: "default"
2025-02-12T22:58:41.985Z  INFO 18228 --- [           main] o.s.s.web.DefaultSecurityFilterChain     : Will secure any request with [org.springframework.security.web.session.DisableEncodeUrlFilter@1179fc8c, org.springframework.security.web.context.request.async.WebAsyncManagerIntegrationFilter@a03529c, org.springframework.security.web.context.SecurityContextHolderFilter@150f41b9, org.springframework.security.web.header.HeaderWriterFilter@7ff09659, org.springframework.web.filter.CorsFilter@1760e594, org.springframework.security.web.csrf.CsrfFilter@3b65084e, org.springframework.security.web.authentication.logout.LogoutFilter@55e42684, org.springframework.security.web.authentication.UsernamePasswordAuthenticationFilter@27db45f, org.springframework.security.web.authentication.ui.DefaultLoginPageGeneratingFilter@280484c7, org.springframework.security.web.authentication.ui.DefaultLogoutPageGeneratingFilter@4af70b83, org.springframework.security.web.authentication.www.BasicAuthenticationFilter@6fbe4800, org.springframework.security.web.savedrequest.RequestCacheAwareFilter@429e7914, org.springframework.security.web.servletapi.SecurityContextHolderAwareRequestFilter@298263fa, org.springframework.security.web.authentication.AnonymousAuthenticationFilter@143413cd, org.springframework.security.web.access.ExceptionTranslationFilter@dae5e0, org.springframework.security.web.access.intercept.AuthorizationFilter@55061418]
2025-02-12T22:58:42.056Z  INFO 18228 --- [           main] o.s.b.t.m.w.SpringBootMockServletContext : Initializing Spring TestDispatcherServlet ''
2025-02-12T22:58:42.057Z  INFO 18228 --- [           main] o.s.t.web.servlet.TestDispatcherServlet  : Initializing Servlet ''
2025-02-12T22:58:42.059Z  INFO 18228 --- [           main] o.s.t.web.servlet.TestDispatcherServlet  : Completed initialization in 2 ms
2025-02-12T22:58:42.090Z  INFO 18228 --- [           main] c.l.controller.DashboardControllerTest   : Started DashboardControllerTest in 3.348 seconds (process running for 4.625)
]]></system-out>
    <system-err><![CDATA[WARNING: A Java agent has been loaded dynamically (C:\Users\come_\.m2\repository\net\bytebuddy\byte-buddy-agent\1.14.10\byte-buddy-agent-1.14.10.jar)
WARNING: If a serviceability tool is in use, please run with -XX:+EnableDynamicAgentLoading to hide this warning
WARNING: If a serviceability tool is not in use, please run with -Djdk.instrument.traceUsage for more information
WARNING: Dynamic loading of agents will be disallowed by default in a future release
]]></system-err>
  </testcase>
  <testcase name="testGetRecentSession" classname="com.langportal.controller.DashboardControllerTest" time="0.012"/>
</testsuite>